<?xml version="1.0" encoding="UTF-8"?>
<testng-results skipped="0" failed="0" total="1" passed="1">
  <reporter-output>
  </reporter-output>
  <suite name="BDD Test Suite" duration-ms="80004" started-at="2020-06-27T03:42:15Z" finished-at="2020-06-27T03:43:35Z">
    <groups>
      <group name="cucumber">
        <method signature="CommonRunnerFile.feature(cucumber.api.testng.CucumberFeatureWrapper)[pri:0, instance:naukriRunnerFiles.CommonRunnerFile@34ce8af7]" name="feature" class="naukriRunnerFiles.CommonRunnerFile"/>
      </group> <!-- cucumber -->
    </groups>
    <test name="FREE CRM Test" duration-ms="80004" started-at="2020-06-27T03:42:15Z" finished-at="2020-06-27T03:43:35Z">
      <class name="naukriRunnerFiles.CommonRunnerFile">
        <test-method status="PASS" signature="setUpClass()[pri:0, instance:naukriRunnerFiles.CommonRunnerFile@34ce8af7]" name="setUpClass" is-config="true" duration-ms="507" started-at="2020-06-27T09:12:15Z" finished-at="2020-06-27T09:12:16Z">
          <reporter-output>
          </reporter-output>
        </test-method> <!-- setUpClass -->
        <test-method status="PASS" signature="feature(cucumber.api.testng.CucumberFeatureWrapper)[pri:0, instance:naukriRunnerFiles.CommonRunnerFile@34ce8af7]" name="feature" duration-ms="78450" started-at="2020-06-27T09:12:16Z" description="Runs Cucumber Feature" data-provider="features" finished-at="2020-06-27T09:13:34Z">
          <params>
            <param index="0">
              <value>
                <![CDATA[Login into Naukri Profile]]>
              </value>
            </param>
          </params>
          <reporter-output>
          </reporter-output>
        </test-method> <!-- feature -->
        <test-method status="PASS" signature="tearDownClass()[pri:0, instance:naukriRunnerFiles.CommonRunnerFile@34ce8af7]" name="tearDownClass" is-config="true" duration-ms="878" started-at="2020-06-27T09:13:34Z" finished-at="2020-06-27T09:13:35Z">
          <reporter-output>
          </reporter-output>
        </test-method> <!-- tearDownClass -->
      </class> <!-- naukriRunnerFiles.CommonRunnerFile -->
    </test> <!-- FREE CRM Test -->
  </suite> <!-- BDD Test Suite -->
</testng-results>
